 Signal from MULPLT zoom s. trace mode
  Number of points:         218
   1206.00000    
   1267.00000    
   1341.00000    
   1359.00000    
   1414.00000    
   1489.00000    
   1529.00000    
   1605.00000    
   1642.00000    
   1677.00000    
   1712.00000    
   1756.00000    
   1788.00000    
   1799.00000    
   1808.00000    
   1806.00000    
   1794.00000    
   1772.00000    
   1754.00000    
   1727.00000    
   1677.00000    
   1642.00000    
   1620.00000    
   1573.00000    
   1559.00000    
   1532.00000    
   1533.00000    
   1530.00000    
   1517.00000    
   1535.00000    
   1502.00000    
   1511.00000    
   1503.00000    
   1472.00000    
   1453.00000    
   1435.00000    
   1417.00000    
   1388.00000    
   1373.00000    
   1331.00000    
   1326.00000    
   1303.00000    
   1271.00000    
   1253.00000    
   1239.00000    
   1245.00000    
   1224.00000    
   1246.00000    
   1245.00000    
   1225.00000    
   1228.00000    
   1225.00000    
   1225.00000    
   1196.00000    
   1182.00000    
   1153.00000    
   1127.00000    
   1134.00000    
   1092.00000    
   1062.00000    
   1051.00000    
   1031.00000    
   1047.00000    
   1057.00000    
   1045.00000    
   1047.00000    
   1091.00000    
   1114.00000    
   1125.00000    
   1188.00000    
   1227.00000    
   1230.00000    
   1238.00000    
   1260.00000    
   1283.00000    
   1310.00000    
   1326.00000    
   1329.00000    
   1340.00000    
   1338.00000    
   1350.00000    
   1333.00000    
   1314.00000    
   1331.00000    
   1321.00000    
   1305.00000    
   1278.00000    
   1277.00000    
   1285.00000    
   1250.00000    
   1235.00000    
   1214.00000    
   1183.00000    
   1169.00000    
   1125.00000    
   1113.00000    
   1087.00000    
   1032.00000    
   1028.00000    
   1020.00000    
   1011.00000    
   998.000000    
   1000.00000    
   1034.00000    
   1026.00000    
   1034.00000    
   1086.00000    
   1080.00000    
   1082.00000    
   1100.00000    
   1094.00000    
   1075.00000    
   1069.00000    
   1104.00000    
   1057.00000    
   1052.00000    
   1059.00000    
   992.000000    
   1012.00000    
   945.000000    
   937.000000    
   903.000000    
   810.000000    
   859.000000    
   701.000000    
   851.000000    
   649.000000    
   832.000000    
   729.000000    
   700.000000    
   911.000000    
   467.000000    
   1262.00000    
   159.000000    
   1532.00000    
   166.000000    
   1318.00000    
  -106.000000    
  -4220.00000    
   6857.00000    
   2239.00000    
   222.000000    
   2611.00000    
  -2924.00000    
   3454.00000    
   631.000000    
  -208.000000    
   1916.00000    
   1554.00000    
   873.000000    
  -178.000000    
   2916.00000    
   109.000000    
   788.000000    
   1486.00000    
   1468.00000    
   3424.00000    
  -498.000000    
   451.000000    
   1803.00000    
   1405.00000    
   1992.00000    
   615.000000    
   2131.00000    
   1308.00000    
   945.000000    
   1709.00000    
   1070.00000    
   1185.00000    
   1500.00000    
   1996.00000    
   1003.00000    
   1649.00000    
   822.000000    
   1137.00000    
   2675.00000    
   754.000000    
   847.000000    
   1540.00000    
   1006.00000    
   1549.00000    
   1554.00000    
   406.000000    
   1359.00000    
   1729.00000    
   1742.00000    
   1039.00000    
   665.000000    
   1157.00000    
   673.000000    
   2781.00000    
   1405.00000    
   321.000000    
   1334.00000    
   1114.00000    
   2210.00000    
   722.000000    
   652.000000    
   2338.00000    
   620.000000    
   418.000000    
   2232.00000    
   1460.00000    
   910.000000    
   1413.00000    
   1320.00000    
   997.000000    
   1256.00000    
   2037.00000    
   1181.00000    
   572.000000    
   2030.00000    
   1695.00000    
   918.000000    
   1689.00000    
   1360.00000    
   1631.00000    
   2104.00000    
